<?xml version="1.0" encoding="UTF-8"?>
<testng-results skipped="0" failed="1" ignored="1" total="4" passed="2">
  <reporter-output>
  </reporter-output>
  <suite name="Default suite" duration-ms="3727" started-at="2018-04-28T19:00:07Z" finished-at="2018-04-28T19:00:11Z">
    <groups>
    </groups>
    <test name="Defaulttest1" duration-ms="3727" started-at="2018-04-28T19:00:07Z" finished-at="2018-04-28T19:00:11Z">
      <class name="Tests.AtLoginInvalidBlank">
        <test-method status="PASS" signature="ConnectToDeviceOrBrowser(java.lang.String)[pri:0, instance:Tests.AtLoginInvalidBlank@1374a5e]" name="ConnectToDeviceOrBrowser" is-config="true" duration-ms="36549" started-at="2018-04-28T18:59:31Z" finished-at="2018-04-28T19:00:07Z">
          <params>
            <param index="0">
              <value>
                <![CDATA[FireFox]]>
              </value>
            </param>
          </params>
          <reporter-output>
          </reporter-output>
        </test-method> <!-- ConnectToDeviceOrBrowser -->
        <test-method status="PASS" signature="loginInValidTest(java.lang.String, java.lang.String)[pri:0, instance:Tests.AtLoginInvalidBlank@1374a5e]" name="loginInValidTest" duration-ms="2756" started-at="2018-04-28T19:00:07Z" data-provider="Authentication" finished-at="2018-04-28T19:00:10Z">
          <params>
            <param index="0">
              <value>
                <![CDATA[testuser_1]]>
              </value>
            </param>
            <param index="1">
              <value>
                <![CDATA[Test@123]]>
              </value>
            </param>
          </params>
          <reporter-output>
          </reporter-output>
        </test-method> <!-- loginInValidTest -->
        <test-method status="PASS" signature="loginInValidTest(java.lang.String, java.lang.String)[pri:0, instance:Tests.AtLoginInvalidBlank@1374a5e]" name="loginInValidTest" duration-ms="401" started-at="2018-04-28T19:00:11Z" data-provider="Authentication" finished-at="2018-04-28T19:00:11Z">
          <params>
            <param index="0">
              <value>
                <![CDATA[testuser_1]]>
              </value>
            </param>
            <param index="1">
              <value>
                <![CDATA[Test@123]]>
              </value>
            </param>
          </params>
          <reporter-output>
          </reporter-output>
        </test-method> <!-- loginInValidTest -->
      </class> <!-- Tests.AtLoginInvalidBlank -->
      <class name="Tests.AtLoginValid">
        <test-method status="FAIL" signature="loginValidTest(java.lang.String, java.lang.String)[pri:0, instance:Tests.AtLoginValid@71e53b]" name="loginValidTest" duration-ms="1" started-at="2018-04-28T19:00:11Z" data-provider="Authentications" finished-at="2018-04-28T19:00:11Z">
          <params>
            <param index="0">
              <value>
                <![CDATA[sree2sree02@gmail.com]]>
              </value>
            </param>
            <param index="1">
              <value>
                <![CDATA[123@sreekanth]]>
              </value>
            </param>
          </params>
          <exception class="java.lang.NullPointerException">
            <full-stacktrace>
              <![CDATA[java.lang.NullPointerException
at Tests.AtLoginValid.loginValidTest(AtLoginValid.java:23)
at sun.reflect.NativeMethodAccessorImpl.invoke0(Native Method)
at sun.reflect.NativeMethodAccessorImpl.invoke(NativeMethodAccessorImpl.java:62)
at sun.reflect.DelegatingMethodAccessorImpl.invoke(DelegatingMethodAccessorImpl.java:43)
at java.lang.reflect.Method.invoke(Method.java:498)
at org.testng.internal.MethodInvocationHelper.invokeMethod(MethodInvocationHelper.java:124)
at org.testng.internal.Invoker.invokeMethod(Invoker.java:580)
at org.testng.internal.Invoker.invokeTestMethod(Invoker.java:716)
at org.testng.internal.Invoker.invokeTestMethods(Invoker.java:988)
at org.testng.internal.TestMethodWorker.invokeTestMethods(TestMethodWorker.java:125)
at org.testng.internal.TestMethodWorker.run(TestMethodWorker.java:109)
at org.testng.TestRunner.privateRun(TestRunner.java:648)
at org.testng.TestRunner.run(TestRunner.java:505)
at org.testng.SuiteRunner.runTest(SuiteRunner.java:455)
at org.testng.SuiteRunner.runSequentially(SuiteRunner.java:450)
at org.testng.SuiteRunner.privateRun(SuiteRunner.java:415)
at org.testng.SuiteRunner.run(SuiteRunner.java:364)
at org.testng.SuiteRunnerWorker.runSuite(SuiteRunnerWorker.java:52)
at org.testng.SuiteRunnerWorker.run(SuiteRunnerWorker.java:84)
at org.testng.TestNG.runSuitesSequentially(TestNG.java:1208)
at org.testng.TestNG.runSuitesLocally(TestNG.java:1137)
at org.testng.TestNG.runSuites(TestNG.java:1049)
at org.testng.TestNG.run(TestNG.java:1017)
at org.testng.remote.AbstractRemoteTestNG.run(AbstractRemoteTestNG.java:114)
at org.testng.remote.RemoteTestNG.initAndRun(RemoteTestNG.java:251)
at org.testng.remote.RemoteTestNG.main(RemoteTestNG.java:77)
]]>
            </full-stacktrace>
          </exception> <!-- java.lang.NullPointerException -->
          <reporter-output>
          </reporter-output>
        </test-method> <!-- loginValidTest -->
      </class> <!-- Tests.AtLoginValid -->
    </test> <!-- Defaulttest1 -->
  </suite> <!-- Default suite -->
</testng-results>
